ARM GAS  C:\Users\Lyndorh\AppData\Local\Temp\cc71pVAy.s 			page 1


   1              		.cpu cortex-m0
   2              		.arch armv6s-m
   3              		.fpu softvfp
   4              		.eabi_attribute 20, 1
   5              		.eabi_attribute 21, 1
   6              		.eabi_attribute 23, 3
   7              		.eabi_attribute 24, 1
   8              		.eabi_attribute 25, 1
   9              		.eabi_attribute 26, 1
  10              		.eabi_attribute 30, 1
  11              		.eabi_attribute 34, 0
  12              		.eabi_attribute 18, 4
  13              		.file	"main.c"
  14              		.text
  15              	.Ltext0:
  16              		.cfi_sections	.debug_frame
  17              		.file 1 "Core/Src/main.c"
  18              		.section	.text.MX_GPIO_Init,"ax",%progbits
  19              		.align	1
  20              		.syntax unified
  21              		.code	16
  22              		.thumb_func
  24              	MX_GPIO_Init:
  25              	.LFB42:
   1:Core/Src/main.c **** /* USER CODE BEGIN Header */
   2:Core/Src/main.c **** /**
   3:Core/Src/main.c ****   ******************************************************************************
   4:Core/Src/main.c ****   * @file           : main.c
   5:Core/Src/main.c ****   * @brief          : Main program body
   6:Core/Src/main.c ****   ******************************************************************************
   7:Core/Src/main.c ****   * @attention
   8:Core/Src/main.c ****   *
   9:Core/Src/main.c ****   * Copyright (c) 2025 STMicroelectronics.
  10:Core/Src/main.c ****   * All rights reserved.
  11:Core/Src/main.c ****   *
  12:Core/Src/main.c ****   * This software is licensed under terms that can be found in the LICENSE file
  13:Core/Src/main.c ****   * in the root directory of this software component.
  14:Core/Src/main.c ****   * If no LICENSE file comes with this software, it is provided AS-IS.
  15:Core/Src/main.c ****   *
  16:Core/Src/main.c ****   ******************************************************************************
  17:Core/Src/main.c ****   */
  18:Core/Src/main.c **** /* USER CODE END Header */
  19:Core/Src/main.c **** /* Includes ------------------------------------------------------------------*/
  20:Core/Src/main.c **** #include <assembly.h>
  21:Core/Src/main.c **** #include "main.h"
  22:Core/Src/main.c **** 
  23:Core/Src/main.c **** /* Private includes ----------------------------------------------------------*/
  24:Core/Src/main.c **** /* USER CODE BEGIN Includes */
  25:Core/Src/main.c **** 
  26:Core/Src/main.c **** 
  27:Core/Src/main.c **** /* USER CODE END Includes */
  28:Core/Src/main.c **** 
  29:Core/Src/main.c **** /* Private typedef -----------------------------------------------------------*/
  30:Core/Src/main.c **** /* USER CODE BEGIN PTD */
  31:Core/Src/main.c **** 
  32:Core/Src/main.c **** /* USER CODE END PTD */
  33:Core/Src/main.c **** 
ARM GAS  C:\Users\Lyndorh\AppData\Local\Temp\cc71pVAy.s 			page 2


  34:Core/Src/main.c **** /* Private define ------------------------------------------------------------*/
  35:Core/Src/main.c **** /* USER CODE BEGIN PD */
  36:Core/Src/main.c **** 
  37:Core/Src/main.c **** /* USER CODE END PD */
  38:Core/Src/main.c **** 
  39:Core/Src/main.c **** /* Private macro -------------------------------------------------------------*/
  40:Core/Src/main.c **** /* USER CODE BEGIN PM */
  41:Core/Src/main.c **** 
  42:Core/Src/main.c **** /* USER CODE END PM */
  43:Core/Src/main.c **** 
  44:Core/Src/main.c **** /* Private variables ---------------------------------------------------------*/
  45:Core/Src/main.c **** 
  46:Core/Src/main.c **** /* USER CODE BEGIN PV */
  47:Core/Src/main.c **** 
  48:Core/Src/main.c **** /* USER CODE END PV */
  49:Core/Src/main.c **** 
  50:Core/Src/main.c **** /* Private function prototypes -----------------------------------------------*/
  51:Core/Src/main.c **** void SystemClock_Config(void);
  52:Core/Src/main.c **** static void MX_GPIO_Init(void);
  53:Core/Src/main.c **** /* USER CODE BEGIN PFP */
  54:Core/Src/main.c **** 
  55:Core/Src/main.c **** /* USER CODE END PFP */
  56:Core/Src/main.c **** 
  57:Core/Src/main.c **** /* Private user code ---------------------------------------------------------*/
  58:Core/Src/main.c **** /* USER CODE BEGIN 0 */
  59:Core/Src/main.c **** 
  60:Core/Src/main.c **** /* USER CODE END 0 */
  61:Core/Src/main.c **** 
  62:Core/Src/main.c **** /**
  63:Core/Src/main.c ****   * @brief  The application entry point.
  64:Core/Src/main.c ****   * @retval int
  65:Core/Src/main.c ****   */
  66:Core/Src/main.c **** int main(void)
  67:Core/Src/main.c **** {
  68:Core/Src/main.c ****   /* USER CODE BEGIN 1 */
  69:Core/Src/main.c **** 
  70:Core/Src/main.c ****   /* USER CODE END 1 */
  71:Core/Src/main.c **** 
  72:Core/Src/main.c ****   /* MCU Configuration--------------------------------------------------------*/
  73:Core/Src/main.c **** 
  74:Core/Src/main.c ****   /* Reset of all peripherals, Initializes the Flash interface and the Systick. */
  75:Core/Src/main.c ****   HAL_Init();
  76:Core/Src/main.c **** 
  77:Core/Src/main.c ****   /* USER CODE BEGIN Init */
  78:Core/Src/main.c ****   ASM_Main();
  79:Core/Src/main.c **** 
  80:Core/Src/main.c ****   /* USER CODE END Init */
  81:Core/Src/main.c **** 
  82:Core/Src/main.c ****   /* Configure the system clock */
  83:Core/Src/main.c ****   SystemClock_Config();
  84:Core/Src/main.c **** 
  85:Core/Src/main.c ****   /* USER CODE BEGIN SysInit */
  86:Core/Src/main.c **** 
  87:Core/Src/main.c ****   /* USER CODE END SysInit */
  88:Core/Src/main.c **** 
  89:Core/Src/main.c ****   /* Initialize all configured peripherals */
  90:Core/Src/main.c ****   MX_GPIO_Init();
ARM GAS  C:\Users\Lyndorh\AppData\Local\Temp\cc71pVAy.s 			page 3


  91:Core/Src/main.c ****   /* USER CODE BEGIN 2 */
  92:Core/Src/main.c **** 
  93:Core/Src/main.c ****   /* USER CODE END 2 */
  94:Core/Src/main.c **** 
  95:Core/Src/main.c ****   /* Infinite loop */
  96:Core/Src/main.c ****   /* USER CODE BEGIN WHILE */
  97:Core/Src/main.c ****   while (1)
  98:Core/Src/main.c ****   {
  99:Core/Src/main.c ****     /* USER CODE END WHILE */
 100:Core/Src/main.c **** 
 101:Core/Src/main.c ****     /* USER CODE BEGIN 3 */
 102:Core/Src/main.c ****   }
 103:Core/Src/main.c ****   /* USER CODE END 3 */
 104:Core/Src/main.c **** }
 105:Core/Src/main.c **** 
 106:Core/Src/main.c **** /**
 107:Core/Src/main.c ****   * @brief System Clock Configuration
 108:Core/Src/main.c ****   * @retval None
 109:Core/Src/main.c ****   */
 110:Core/Src/main.c **** void SystemClock_Config(void)
 111:Core/Src/main.c **** {
 112:Core/Src/main.c ****   RCC_OscInitTypeDef RCC_OscInitStruct = {0};
 113:Core/Src/main.c ****   RCC_ClkInitTypeDef RCC_ClkInitStruct = {0};
 114:Core/Src/main.c **** 
 115:Core/Src/main.c ****   /** Initializes the RCC Oscillators according to the specified parameters
 116:Core/Src/main.c ****   * in the RCC_OscInitTypeDef structure.
 117:Core/Src/main.c ****   */
 118:Core/Src/main.c ****   RCC_OscInitStruct.OscillatorType = RCC_OSCILLATORTYPE_HSI;
 119:Core/Src/main.c ****   RCC_OscInitStruct.HSIState = RCC_HSI_ON;
 120:Core/Src/main.c ****   RCC_OscInitStruct.HSICalibrationValue = RCC_HSICALIBRATION_DEFAULT;
 121:Core/Src/main.c ****   RCC_OscInitStruct.PLL.PLLState = RCC_PLL_NONE;
 122:Core/Src/main.c ****   if (HAL_RCC_OscConfig(&RCC_OscInitStruct) != HAL_OK)
 123:Core/Src/main.c ****   {
 124:Core/Src/main.c ****     Error_Handler();
 125:Core/Src/main.c ****   }
 126:Core/Src/main.c **** 
 127:Core/Src/main.c ****   /** Initializes the CPU, AHB and APB buses clocks
 128:Core/Src/main.c ****   */
 129:Core/Src/main.c ****   RCC_ClkInitStruct.ClockType = RCC_CLOCKTYPE_HCLK|RCC_CLOCKTYPE_SYSCLK
 130:Core/Src/main.c ****                               |RCC_CLOCKTYPE_PCLK1;
 131:Core/Src/main.c ****   RCC_ClkInitStruct.SYSCLKSource = RCC_SYSCLKSOURCE_HSI;
 132:Core/Src/main.c ****   RCC_ClkInitStruct.AHBCLKDivider = RCC_SYSCLK_DIV1;
 133:Core/Src/main.c ****   RCC_ClkInitStruct.APB1CLKDivider = RCC_HCLK_DIV1;
 134:Core/Src/main.c **** 
 135:Core/Src/main.c ****   if (HAL_RCC_ClockConfig(&RCC_ClkInitStruct, FLASH_LATENCY_0) != HAL_OK)
 136:Core/Src/main.c ****   {
 137:Core/Src/main.c ****     Error_Handler();
 138:Core/Src/main.c ****   }
 139:Core/Src/main.c **** }
 140:Core/Src/main.c **** 
 141:Core/Src/main.c **** /**
 142:Core/Src/main.c ****   * @brief GPIO Initialization Function
 143:Core/Src/main.c ****   * @param None
 144:Core/Src/main.c ****   * @retval None
 145:Core/Src/main.c ****   */
 146:Core/Src/main.c **** static void MX_GPIO_Init(void)
 147:Core/Src/main.c **** {
ARM GAS  C:\Users\Lyndorh\AppData\Local\Temp\cc71pVAy.s 			page 4


  26              		.loc 1 147 1 view -0
  27              		.cfi_startproc
  28              		@ args = 0, pretend = 0, frame = 8
  29              		@ frame_needed = 0, uses_anonymous_args = 0
  30              		@ link register save eliminated.
  31 0000 82B0     		sub	sp, sp, #8
  32              		.cfi_def_cfa_offset 8
 148:Core/Src/main.c **** /* USER CODE BEGIN MX_GPIO_Init_1 */
 149:Core/Src/main.c **** /* USER CODE END MX_GPIO_Init_1 */
 150:Core/Src/main.c **** 
 151:Core/Src/main.c ****   /* GPIO Ports Clock Enable */
 152:Core/Src/main.c ****   __HAL_RCC_GPIOF_CLK_ENABLE();
  33              		.loc 1 152 3 view .LVU1
  34              	.LBB4:
  35              		.loc 1 152 3 view .LVU2
  36              		.loc 1 152 3 view .LVU3
  37 0002 0A4B     		ldr	r3, .L2
  38 0004 5A69     		ldr	r2, [r3, #20]
  39 0006 8021     		movs	r1, #128
  40 0008 C903     		lsls	r1, r1, #15
  41 000a 0A43     		orrs	r2, r1
  42 000c 5A61     		str	r2, [r3, #20]
  43              		.loc 1 152 3 view .LVU4
  44 000e 5A69     		ldr	r2, [r3, #20]
  45 0010 0A40     		ands	r2, r1
  46 0012 0092     		str	r2, [sp]
  47              		.loc 1 152 3 view .LVU5
  48 0014 009A     		ldr	r2, [sp]
  49              	.LBE4:
  50              		.loc 1 152 3 view .LVU6
 153:Core/Src/main.c ****   __HAL_RCC_GPIOA_CLK_ENABLE();
  51              		.loc 1 153 3 view .LVU7
  52              	.LBB5:
  53              		.loc 1 153 3 view .LVU8
  54              		.loc 1 153 3 view .LVU9
  55 0016 5A69     		ldr	r2, [r3, #20]
  56 0018 8021     		movs	r1, #128
  57 001a 8902     		lsls	r1, r1, #10
  58 001c 0A43     		orrs	r2, r1
  59 001e 5A61     		str	r2, [r3, #20]
  60              		.loc 1 153 3 view .LVU10
  61 0020 5B69     		ldr	r3, [r3, #20]
  62 0022 0B40     		ands	r3, r1
  63 0024 0193     		str	r3, [sp, #4]
  64              		.loc 1 153 3 view .LVU11
  65 0026 019B     		ldr	r3, [sp, #4]
  66              	.LBE5:
  67              		.loc 1 153 3 view .LVU12
 154:Core/Src/main.c **** 
 155:Core/Src/main.c **** /* USER CODE BEGIN MX_GPIO_Init_2 */
 156:Core/Src/main.c **** /* USER CODE END MX_GPIO_Init_2 */
 157:Core/Src/main.c **** }
  68              		.loc 1 157 1 is_stmt 0 view .LVU13
  69 0028 02B0     		add	sp, sp, #8
  70              		@ sp needed
  71 002a 7047     		bx	lr
  72              	.L3:
ARM GAS  C:\Users\Lyndorh\AppData\Local\Temp\cc71pVAy.s 			page 5


  73              		.align	2
  74              	.L2:
  75 002c 00100240 		.word	1073876992
  76              		.cfi_endproc
  77              	.LFE42:
  79              		.section	.text.Error_Handler,"ax",%progbits
  80              		.align	1
  81              		.global	Error_Handler
  82              		.syntax unified
  83              		.code	16
  84              		.thumb_func
  86              	Error_Handler:
  87              	.LFB43:
 158:Core/Src/main.c **** 
 159:Core/Src/main.c **** /* USER CODE BEGIN 4 */
 160:Core/Src/main.c **** 
 161:Core/Src/main.c **** /* USER CODE END 4 */
 162:Core/Src/main.c **** 
 163:Core/Src/main.c **** /**
 164:Core/Src/main.c ****   * @brief  This function is executed in case of error occurrence.
 165:Core/Src/main.c ****   * @retval None
 166:Core/Src/main.c ****   */
 167:Core/Src/main.c **** void Error_Handler(void)
 168:Core/Src/main.c **** {
  88              		.loc 1 168 1 is_stmt 1 view -0
  89              		.cfi_startproc
  90              		@ Volatile: function does not return.
  91              		@ args = 0, pretend = 0, frame = 0
  92              		@ frame_needed = 0, uses_anonymous_args = 0
  93              		@ link register save eliminated.
 169:Core/Src/main.c ****   /* USER CODE BEGIN Error_Handler_Debug */
 170:Core/Src/main.c ****   /* User can add his own implementation to report the HAL error return state */
 171:Core/Src/main.c ****   __disable_irq();
  94              		.loc 1 171 3 view .LVU15
  95              	.LBB6:
  96              	.LBI6:
  97              		.file 2 "Drivers/CMSIS/Include/cmsis_gcc.h"
   1:Drivers/CMSIS/Include/cmsis_gcc.h **** /**************************************************************************//**
   2:Drivers/CMSIS/Include/cmsis_gcc.h ****  * @file     cmsis_gcc.h
   3:Drivers/CMSIS/Include/cmsis_gcc.h ****  * @brief    CMSIS compiler GCC header file
   4:Drivers/CMSIS/Include/cmsis_gcc.h ****  * @version  V5.0.4
   5:Drivers/CMSIS/Include/cmsis_gcc.h ****  * @date     09. April 2018
   6:Drivers/CMSIS/Include/cmsis_gcc.h ****  ******************************************************************************/
   7:Drivers/CMSIS/Include/cmsis_gcc.h **** /*
   8:Drivers/CMSIS/Include/cmsis_gcc.h ****  * Copyright (c) 2009-2018 Arm Limited. All rights reserved.
   9:Drivers/CMSIS/Include/cmsis_gcc.h ****  *
  10:Drivers/CMSIS/Include/cmsis_gcc.h ****  * SPDX-License-Identifier: Apache-2.0
  11:Drivers/CMSIS/Include/cmsis_gcc.h ****  *
  12:Drivers/CMSIS/Include/cmsis_gcc.h ****  * Licensed under the Apache License, Version 2.0 (the License); you may
  13:Drivers/CMSIS/Include/cmsis_gcc.h ****  * not use this file except in compliance with the License.
  14:Drivers/CMSIS/Include/cmsis_gcc.h ****  * You may obtain a copy of the License at
  15:Drivers/CMSIS/Include/cmsis_gcc.h ****  *
  16:Drivers/CMSIS/Include/cmsis_gcc.h ****  * www.apache.org/licenses/LICENSE-2.0
  17:Drivers/CMSIS/Include/cmsis_gcc.h ****  *
  18:Drivers/CMSIS/Include/cmsis_gcc.h ****  * Unless required by applicable law or agreed to in writing, software
  19:Drivers/CMSIS/Include/cmsis_gcc.h ****  * distributed under the License is distributed on an AS IS BASIS, WITHOUT
  20:Drivers/CMSIS/Include/cmsis_gcc.h ****  * WARRANTIES OR CONDITIONS OF ANY KIND, either express or implied.
ARM GAS  C:\Users\Lyndorh\AppData\Local\Temp\cc71pVAy.s 			page 6


  21:Drivers/CMSIS/Include/cmsis_gcc.h ****  * See the License for the specific language governing permissions and
  22:Drivers/CMSIS/Include/cmsis_gcc.h ****  * limitations under the License.
  23:Drivers/CMSIS/Include/cmsis_gcc.h ****  */
  24:Drivers/CMSIS/Include/cmsis_gcc.h **** 
  25:Drivers/CMSIS/Include/cmsis_gcc.h **** #ifndef __CMSIS_GCC_H
  26:Drivers/CMSIS/Include/cmsis_gcc.h **** #define __CMSIS_GCC_H
  27:Drivers/CMSIS/Include/cmsis_gcc.h **** 
  28:Drivers/CMSIS/Include/cmsis_gcc.h **** /* ignore some GCC warnings */
  29:Drivers/CMSIS/Include/cmsis_gcc.h **** #pragma GCC diagnostic push
  30:Drivers/CMSIS/Include/cmsis_gcc.h **** #pragma GCC diagnostic ignored "-Wsign-conversion"
  31:Drivers/CMSIS/Include/cmsis_gcc.h **** #pragma GCC diagnostic ignored "-Wconversion"
  32:Drivers/CMSIS/Include/cmsis_gcc.h **** #pragma GCC diagnostic ignored "-Wunused-parameter"
  33:Drivers/CMSIS/Include/cmsis_gcc.h **** 
  34:Drivers/CMSIS/Include/cmsis_gcc.h **** /* Fallback for __has_builtin */
  35:Drivers/CMSIS/Include/cmsis_gcc.h **** #ifndef __has_builtin
  36:Drivers/CMSIS/Include/cmsis_gcc.h ****   #define __has_builtin(x) (0)
  37:Drivers/CMSIS/Include/cmsis_gcc.h **** #endif
  38:Drivers/CMSIS/Include/cmsis_gcc.h **** 
  39:Drivers/CMSIS/Include/cmsis_gcc.h **** /* CMSIS compiler specific defines */
  40:Drivers/CMSIS/Include/cmsis_gcc.h **** #ifndef   __ASM
  41:Drivers/CMSIS/Include/cmsis_gcc.h ****   #define __ASM                                  __asm
  42:Drivers/CMSIS/Include/cmsis_gcc.h **** #endif
  43:Drivers/CMSIS/Include/cmsis_gcc.h **** #ifndef   __INLINE
  44:Drivers/CMSIS/Include/cmsis_gcc.h ****   #define __INLINE                               inline
  45:Drivers/CMSIS/Include/cmsis_gcc.h **** #endif
  46:Drivers/CMSIS/Include/cmsis_gcc.h **** #ifndef   __STATIC_INLINE
  47:Drivers/CMSIS/Include/cmsis_gcc.h ****   #define __STATIC_INLINE                        static inline
  48:Drivers/CMSIS/Include/cmsis_gcc.h **** #endif
  49:Drivers/CMSIS/Include/cmsis_gcc.h **** #ifndef   __STATIC_FORCEINLINE                 
  50:Drivers/CMSIS/Include/cmsis_gcc.h ****   #define __STATIC_FORCEINLINE                   __attribute__((always_inline)) static inline
  51:Drivers/CMSIS/Include/cmsis_gcc.h **** #endif                                           
  52:Drivers/CMSIS/Include/cmsis_gcc.h **** #ifndef   __NO_RETURN
  53:Drivers/CMSIS/Include/cmsis_gcc.h ****   #define __NO_RETURN                            __attribute__((__noreturn__))
  54:Drivers/CMSIS/Include/cmsis_gcc.h **** #endif
  55:Drivers/CMSIS/Include/cmsis_gcc.h **** #ifndef   __USED
  56:Drivers/CMSIS/Include/cmsis_gcc.h ****   #define __USED                                 __attribute__((used))
  57:Drivers/CMSIS/Include/cmsis_gcc.h **** #endif
  58:Drivers/CMSIS/Include/cmsis_gcc.h **** #ifndef   __WEAK
  59:Drivers/CMSIS/Include/cmsis_gcc.h ****   #define __WEAK                                 __attribute__((weak))
  60:Drivers/CMSIS/Include/cmsis_gcc.h **** #endif
  61:Drivers/CMSIS/Include/cmsis_gcc.h **** #ifndef   __PACKED
  62:Drivers/CMSIS/Include/cmsis_gcc.h ****   #define __PACKED                               __attribute__((packed, aligned(1)))
  63:Drivers/CMSIS/Include/cmsis_gcc.h **** #endif
  64:Drivers/CMSIS/Include/cmsis_gcc.h **** #ifndef   __PACKED_STRUCT
  65:Drivers/CMSIS/Include/cmsis_gcc.h ****   #define __PACKED_STRUCT                        struct __attribute__((packed, aligned(1)))
  66:Drivers/CMSIS/Include/cmsis_gcc.h **** #endif
  67:Drivers/CMSIS/Include/cmsis_gcc.h **** #ifndef   __PACKED_UNION
  68:Drivers/CMSIS/Include/cmsis_gcc.h ****   #define __PACKED_UNION                         union __attribute__((packed, aligned(1)))
  69:Drivers/CMSIS/Include/cmsis_gcc.h **** #endif
  70:Drivers/CMSIS/Include/cmsis_gcc.h **** #ifndef   __UNALIGNED_UINT32        /* deprecated */
  71:Drivers/CMSIS/Include/cmsis_gcc.h ****   #pragma GCC diagnostic push
  72:Drivers/CMSIS/Include/cmsis_gcc.h ****   #pragma GCC diagnostic ignored "-Wpacked"
  73:Drivers/CMSIS/Include/cmsis_gcc.h ****   #pragma GCC diagnostic ignored "-Wattributes"
  74:Drivers/CMSIS/Include/cmsis_gcc.h ****   struct __attribute__((packed)) T_UINT32 { uint32_t v; };
  75:Drivers/CMSIS/Include/cmsis_gcc.h ****   #pragma GCC diagnostic pop
  76:Drivers/CMSIS/Include/cmsis_gcc.h ****   #define __UNALIGNED_UINT32(x)                  (((struct T_UINT32 *)(x))->v)
  77:Drivers/CMSIS/Include/cmsis_gcc.h **** #endif
ARM GAS  C:\Users\Lyndorh\AppData\Local\Temp\cc71pVAy.s 			page 7


  78:Drivers/CMSIS/Include/cmsis_gcc.h **** #ifndef   __UNALIGNED_UINT16_WRITE
  79:Drivers/CMSIS/Include/cmsis_gcc.h ****   #pragma GCC diagnostic push
  80:Drivers/CMSIS/Include/cmsis_gcc.h ****   #pragma GCC diagnostic ignored "-Wpacked"
  81:Drivers/CMSIS/Include/cmsis_gcc.h ****   #pragma GCC diagnostic ignored "-Wattributes"
  82:Drivers/CMSIS/Include/cmsis_gcc.h ****   __PACKED_STRUCT T_UINT16_WRITE { uint16_t v; };
  83:Drivers/CMSIS/Include/cmsis_gcc.h ****   #pragma GCC diagnostic pop
  84:Drivers/CMSIS/Include/cmsis_gcc.h ****   #define __UNALIGNED_UINT16_WRITE(addr, val)    (void)((((struct T_UINT16_WRITE *)(void *)(addr))-
  85:Drivers/CMSIS/Include/cmsis_gcc.h **** #endif
  86:Drivers/CMSIS/Include/cmsis_gcc.h **** #ifndef   __UNALIGNED_UINT16_READ
  87:Drivers/CMSIS/Include/cmsis_gcc.h ****   #pragma GCC diagnostic push
  88:Drivers/CMSIS/Include/cmsis_gcc.h ****   #pragma GCC diagnostic ignored "-Wpacked"
  89:Drivers/CMSIS/Include/cmsis_gcc.h ****   #pragma GCC diagnostic ignored "-Wattributes"
  90:Drivers/CMSIS/Include/cmsis_gcc.h ****   __PACKED_STRUCT T_UINT16_READ { uint16_t v; };
  91:Drivers/CMSIS/Include/cmsis_gcc.h ****   #pragma GCC diagnostic pop
  92:Drivers/CMSIS/Include/cmsis_gcc.h ****   #define __UNALIGNED_UINT16_READ(addr)          (((const struct T_UINT16_READ *)(const void *)(add
  93:Drivers/CMSIS/Include/cmsis_gcc.h **** #endif
  94:Drivers/CMSIS/Include/cmsis_gcc.h **** #ifndef   __UNALIGNED_UINT32_WRITE
  95:Drivers/CMSIS/Include/cmsis_gcc.h ****   #pragma GCC diagnostic push
  96:Drivers/CMSIS/Include/cmsis_gcc.h ****   #pragma GCC diagnostic ignored "-Wpacked"
  97:Drivers/CMSIS/Include/cmsis_gcc.h ****   #pragma GCC diagnostic ignored "-Wattributes"
  98:Drivers/CMSIS/Include/cmsis_gcc.h ****   __PACKED_STRUCT T_UINT32_WRITE { uint32_t v; };
  99:Drivers/CMSIS/Include/cmsis_gcc.h ****   #pragma GCC diagnostic pop
 100:Drivers/CMSIS/Include/cmsis_gcc.h ****   #define __UNALIGNED_UINT32_WRITE(addr, val)    (void)((((struct T_UINT32_WRITE *)(void *)(addr))-
 101:Drivers/CMSIS/Include/cmsis_gcc.h **** #endif
 102:Drivers/CMSIS/Include/cmsis_gcc.h **** #ifndef   __UNALIGNED_UINT32_READ
 103:Drivers/CMSIS/Include/cmsis_gcc.h ****   #pragma GCC diagnostic push
 104:Drivers/CMSIS/Include/cmsis_gcc.h ****   #pragma GCC diagnostic ignored "-Wpacked"
 105:Drivers/CMSIS/Include/cmsis_gcc.h ****   #pragma GCC diagnostic ignored "-Wattributes"
 106:Drivers/CMSIS/Include/cmsis_gcc.h ****   __PACKED_STRUCT T_UINT32_READ { uint32_t v; };
 107:Drivers/CMSIS/Include/cmsis_gcc.h ****   #pragma GCC diagnostic pop
 108:Drivers/CMSIS/Include/cmsis_gcc.h ****   #define __UNALIGNED_UINT32_READ(addr)          (((const struct T_UINT32_READ *)(const void *)(add
 109:Drivers/CMSIS/Include/cmsis_gcc.h **** #endif
 110:Drivers/CMSIS/Include/cmsis_gcc.h **** #ifndef   __ALIGNED
 111:Drivers/CMSIS/Include/cmsis_gcc.h ****   #define __ALIGNED(x)                           __attribute__((aligned(x)))
 112:Drivers/CMSIS/Include/cmsis_gcc.h **** #endif
 113:Drivers/CMSIS/Include/cmsis_gcc.h **** #ifndef   __RESTRICT
 114:Drivers/CMSIS/Include/cmsis_gcc.h ****   #define __RESTRICT                             __restrict
 115:Drivers/CMSIS/Include/cmsis_gcc.h **** #endif
 116:Drivers/CMSIS/Include/cmsis_gcc.h **** 
 117:Drivers/CMSIS/Include/cmsis_gcc.h **** 
 118:Drivers/CMSIS/Include/cmsis_gcc.h **** /* ###########################  Core Function Access  ########################### */
 119:Drivers/CMSIS/Include/cmsis_gcc.h **** /** \ingroup  CMSIS_Core_FunctionInterface
 120:Drivers/CMSIS/Include/cmsis_gcc.h ****     \defgroup CMSIS_Core_RegAccFunctions CMSIS Core Register Access Functions
 121:Drivers/CMSIS/Include/cmsis_gcc.h ****   @{
 122:Drivers/CMSIS/Include/cmsis_gcc.h ****  */
 123:Drivers/CMSIS/Include/cmsis_gcc.h **** 
 124:Drivers/CMSIS/Include/cmsis_gcc.h **** /**
 125:Drivers/CMSIS/Include/cmsis_gcc.h ****   \brief   Enable IRQ Interrupts
 126:Drivers/CMSIS/Include/cmsis_gcc.h ****   \details Enables IRQ interrupts by clearing the I-bit in the CPSR.
 127:Drivers/CMSIS/Include/cmsis_gcc.h ****            Can only be executed in Privileged modes.
 128:Drivers/CMSIS/Include/cmsis_gcc.h ****  */
 129:Drivers/CMSIS/Include/cmsis_gcc.h **** __STATIC_FORCEINLINE void __enable_irq(void)
 130:Drivers/CMSIS/Include/cmsis_gcc.h **** {
 131:Drivers/CMSIS/Include/cmsis_gcc.h ****   __ASM volatile ("cpsie i" : : : "memory");
 132:Drivers/CMSIS/Include/cmsis_gcc.h **** }
 133:Drivers/CMSIS/Include/cmsis_gcc.h **** 
 134:Drivers/CMSIS/Include/cmsis_gcc.h **** 
ARM GAS  C:\Users\Lyndorh\AppData\Local\Temp\cc71pVAy.s 			page 8


 135:Drivers/CMSIS/Include/cmsis_gcc.h **** /**
 136:Drivers/CMSIS/Include/cmsis_gcc.h ****   \brief   Disable IRQ Interrupts
 137:Drivers/CMSIS/Include/cmsis_gcc.h ****   \details Disables IRQ interrupts by setting the I-bit in the CPSR.
 138:Drivers/CMSIS/Include/cmsis_gcc.h ****            Can only be executed in Privileged modes.
 139:Drivers/CMSIS/Include/cmsis_gcc.h ****  */
 140:Drivers/CMSIS/Include/cmsis_gcc.h **** __STATIC_FORCEINLINE void __disable_irq(void)
  98              		.loc 2 140 27 view .LVU16
  99              	.LBB7:
 141:Drivers/CMSIS/Include/cmsis_gcc.h **** {
 142:Drivers/CMSIS/Include/cmsis_gcc.h ****   __ASM volatile ("cpsid i" : : : "memory");
 100              		.loc 2 142 3 view .LVU17
 101              		.syntax divided
 102              	@ 142 "Drivers/CMSIS/Include/cmsis_gcc.h" 1
 103 0000 72B6     		cpsid i
 104              	@ 0 "" 2
 105              		.thumb
 106              		.syntax unified
 107              	.L5:
 108              	.LBE7:
 109              	.LBE6:
 172:Core/Src/main.c ****   while (1)
 110              		.loc 1 172 3 view .LVU18
 173:Core/Src/main.c ****   {
 174:Core/Src/main.c ****   }
 111              		.loc 1 174 3 view .LVU19
 172:Core/Src/main.c ****   while (1)
 112              		.loc 1 172 9 view .LVU20
 113 0002 FEE7     		b	.L5
 114              		.cfi_endproc
 115              	.LFE43:
 117              		.section	.text.SystemClock_Config,"ax",%progbits
 118              		.align	1
 119              		.global	SystemClock_Config
 120              		.syntax unified
 121              		.code	16
 122              		.thumb_func
 124              	SystemClock_Config:
 125              	.LFB41:
 111:Core/Src/main.c ****   RCC_OscInitTypeDef RCC_OscInitStruct = {0};
 126              		.loc 1 111 1 view -0
 127              		.cfi_startproc
 128              		@ args = 0, pretend = 0, frame = 64
 129              		@ frame_needed = 0, uses_anonymous_args = 0
 130 0000 10B5     		push	{r4, lr}
 131              		.cfi_def_cfa_offset 8
 132              		.cfi_offset 4, -8
 133              		.cfi_offset 14, -4
 134 0002 90B0     		sub	sp, sp, #64
 135              		.cfi_def_cfa_offset 72
 112:Core/Src/main.c ****   RCC_ClkInitTypeDef RCC_ClkInitStruct = {0};
 136              		.loc 1 112 3 view .LVU22
 112:Core/Src/main.c ****   RCC_ClkInitTypeDef RCC_ClkInitStruct = {0};
 137              		.loc 1 112 22 is_stmt 0 view .LVU23
 138 0004 04AC     		add	r4, sp, #16
 139 0006 3022     		movs	r2, #48
 140 0008 0021     		movs	r1, #0
 141 000a 2000     		movs	r0, r4
ARM GAS  C:\Users\Lyndorh\AppData\Local\Temp\cc71pVAy.s 			page 9


 142 000c FFF7FEFF 		bl	memset
 143              	.LVL0:
 113:Core/Src/main.c **** 
 144              		.loc 1 113 3 is_stmt 1 view .LVU24
 113:Core/Src/main.c **** 
 145              		.loc 1 113 22 is_stmt 0 view .LVU25
 146 0010 1022     		movs	r2, #16
 147 0012 0021     		movs	r1, #0
 148 0014 6846     		mov	r0, sp
 149 0016 FFF7FEFF 		bl	memset
 150              	.LVL1:
 118:Core/Src/main.c ****   RCC_OscInitStruct.HSIState = RCC_HSI_ON;
 151              		.loc 1 118 3 is_stmt 1 view .LVU26
 118:Core/Src/main.c ****   RCC_OscInitStruct.HSIState = RCC_HSI_ON;
 152              		.loc 1 118 36 is_stmt 0 view .LVU27
 153 001a 0223     		movs	r3, #2
 154 001c 0493     		str	r3, [sp, #16]
 119:Core/Src/main.c ****   RCC_OscInitStruct.HSICalibrationValue = RCC_HSICALIBRATION_DEFAULT;
 155              		.loc 1 119 3 is_stmt 1 view .LVU28
 119:Core/Src/main.c ****   RCC_OscInitStruct.HSICalibrationValue = RCC_HSICALIBRATION_DEFAULT;
 156              		.loc 1 119 30 is_stmt 0 view .LVU29
 157 001e 013B     		subs	r3, r3, #1
 158 0020 0793     		str	r3, [sp, #28]
 120:Core/Src/main.c ****   RCC_OscInitStruct.PLL.PLLState = RCC_PLL_NONE;
 159              		.loc 1 120 3 is_stmt 1 view .LVU30
 120:Core/Src/main.c ****   RCC_OscInitStruct.PLL.PLLState = RCC_PLL_NONE;
 160              		.loc 1 120 41 is_stmt 0 view .LVU31
 161 0022 0F33     		adds	r3, r3, #15
 162 0024 0893     		str	r3, [sp, #32]
 121:Core/Src/main.c ****   if (HAL_RCC_OscConfig(&RCC_OscInitStruct) != HAL_OK)
 163              		.loc 1 121 3 is_stmt 1 view .LVU32
 122:Core/Src/main.c ****   {
 164              		.loc 1 122 3 view .LVU33
 122:Core/Src/main.c ****   {
 165              		.loc 1 122 7 is_stmt 0 view .LVU34
 166 0026 2000     		movs	r0, r4
 167 0028 FFF7FEFF 		bl	HAL_RCC_OscConfig
 168              	.LVL2:
 122:Core/Src/main.c ****   {
 169              		.loc 1 122 6 discriminator 1 view .LVU35
 170 002c 0028     		cmp	r0, #0
 171 002e 0DD1     		bne	.L9
 129:Core/Src/main.c ****                               |RCC_CLOCKTYPE_PCLK1;
 172              		.loc 1 129 3 is_stmt 1 view .LVU36
 129:Core/Src/main.c ****                               |RCC_CLOCKTYPE_PCLK1;
 173              		.loc 1 129 31 is_stmt 0 view .LVU37
 174 0030 6846     		mov	r0, sp
 175 0032 0723     		movs	r3, #7
 176 0034 0093     		str	r3, [sp]
 131:Core/Src/main.c ****   RCC_ClkInitStruct.AHBCLKDivider = RCC_SYSCLK_DIV1;
 177              		.loc 1 131 3 is_stmt 1 view .LVU38
 131:Core/Src/main.c ****   RCC_ClkInitStruct.AHBCLKDivider = RCC_SYSCLK_DIV1;
 178              		.loc 1 131 34 is_stmt 0 view .LVU39
 179 0036 0023     		movs	r3, #0
 180 0038 0193     		str	r3, [sp, #4]
 132:Core/Src/main.c ****   RCC_ClkInitStruct.APB1CLKDivider = RCC_HCLK_DIV1;
 181              		.loc 1 132 3 is_stmt 1 view .LVU40
ARM GAS  C:\Users\Lyndorh\AppData\Local\Temp\cc71pVAy.s 			page 10


 132:Core/Src/main.c ****   RCC_ClkInitStruct.APB1CLKDivider = RCC_HCLK_DIV1;
 182              		.loc 1 132 35 is_stmt 0 view .LVU41
 183 003a 0293     		str	r3, [sp, #8]
 133:Core/Src/main.c **** 
 184              		.loc 1 133 3 is_stmt 1 view .LVU42
 133:Core/Src/main.c **** 
 185              		.loc 1 133 36 is_stmt 0 view .LVU43
 186 003c 0393     		str	r3, [sp, #12]
 135:Core/Src/main.c ****   {
 187              		.loc 1 135 3 is_stmt 1 view .LVU44
 135:Core/Src/main.c ****   {
 188              		.loc 1 135 7 is_stmt 0 view .LVU45
 189 003e 0021     		movs	r1, #0
 190 0040 FFF7FEFF 		bl	HAL_RCC_ClockConfig
 191              	.LVL3:
 135:Core/Src/main.c ****   {
 192              		.loc 1 135 6 discriminator 1 view .LVU46
 193 0044 0028     		cmp	r0, #0
 194 0046 03D1     		bne	.L10
 139:Core/Src/main.c **** 
 195              		.loc 1 139 1 view .LVU47
 196 0048 10B0     		add	sp, sp, #64
 197              		@ sp needed
 198 004a 10BD     		pop	{r4, pc}
 199              	.L9:
 124:Core/Src/main.c ****   }
 200              		.loc 1 124 5 is_stmt 1 view .LVU48
 201 004c FFF7FEFF 		bl	Error_Handler
 202              	.LVL4:
 203              	.L10:
 137:Core/Src/main.c ****   }
 204              		.loc 1 137 5 view .LVU49
 205 0050 FFF7FEFF 		bl	Error_Handler
 206              	.LVL5:
 207              		.cfi_endproc
 208              	.LFE41:
 210              		.section	.text.main,"ax",%progbits
 211              		.align	1
 212              		.global	main
 213              		.syntax unified
 214              		.code	16
 215              		.thumb_func
 217              	main:
 218              	.LFB40:
  67:Core/Src/main.c ****   /* USER CODE BEGIN 1 */
 219              		.loc 1 67 1 view -0
 220              		.cfi_startproc
 221              		@ Volatile: function does not return.
 222              		@ args = 0, pretend = 0, frame = 0
 223              		@ frame_needed = 0, uses_anonymous_args = 0
 224 0000 10B5     		push	{r4, lr}
 225              		.cfi_def_cfa_offset 8
 226              		.cfi_offset 4, -8
 227              		.cfi_offset 14, -4
  75:Core/Src/main.c **** 
 228              		.loc 1 75 3 view .LVU51
 229 0002 FFF7FEFF 		bl	HAL_Init
ARM GAS  C:\Users\Lyndorh\AppData\Local\Temp\cc71pVAy.s 			page 11


 230              	.LVL6:
  78:Core/Src/main.c **** 
 231              		.loc 1 78 3 view .LVU52
 232 0006 FFF7FEFF 		bl	ASM_Main
 233              	.LVL7:
  83:Core/Src/main.c **** 
 234              		.loc 1 83 3 view .LVU53
 235 000a FFF7FEFF 		bl	SystemClock_Config
 236              	.LVL8:
  90:Core/Src/main.c ****   /* USER CODE BEGIN 2 */
 237              		.loc 1 90 3 view .LVU54
 238 000e FFF7FEFF 		bl	MX_GPIO_Init
 239              	.LVL9:
 240              	.L12:
  97:Core/Src/main.c ****   {
 241              		.loc 1 97 3 view .LVU55
 102:Core/Src/main.c ****   /* USER CODE END 3 */
 242              		.loc 1 102 3 view .LVU56
  97:Core/Src/main.c ****   {
 243              		.loc 1 97 9 view .LVU57
 244 0012 FEE7     		b	.L12
 245              		.cfi_endproc
 246              	.LFE40:
 248              		.text
 249              	.Letext0:
 250              		.file 3 "C:/Users/Lyndorh/AppData/Roaming/Code/User/globalStorage/bmd.stm32-for-vscode/@xpack-dev-
 251              		.file 4 "C:/Users/Lyndorh/AppData/Roaming/Code/User/globalStorage/bmd.stm32-for-vscode/@xpack-dev-
 252              		.file 5 "Drivers/CMSIS/Device/ST/STM32F0xx/Include/stm32f051x8.h"
 253              		.file 6 "Drivers/STM32F0xx_HAL_Driver/Inc/stm32f0xx_hal_def.h"
 254              		.file 7 "Drivers/STM32F0xx_HAL_Driver/Inc/stm32f0xx_hal_rcc.h"
 255              		.file 8 "Core/Inc/assembly.h"
 256              		.file 9 "Drivers/STM32F0xx_HAL_Driver/Inc/stm32f0xx_hal.h"
 257              		.file 10 "<built-in>"
ARM GAS  C:\Users\Lyndorh\AppData\Local\Temp\cc71pVAy.s 			page 12


DEFINED SYMBOLS
                            *ABS*:00000000 main.c
C:\Users\Lyndorh\AppData\Local\Temp\cc71pVAy.s:19     .text.MX_GPIO_Init:00000000 $t
C:\Users\Lyndorh\AppData\Local\Temp\cc71pVAy.s:24     .text.MX_GPIO_Init:00000000 MX_GPIO_Init
C:\Users\Lyndorh\AppData\Local\Temp\cc71pVAy.s:75     .text.MX_GPIO_Init:0000002c $d
C:\Users\Lyndorh\AppData\Local\Temp\cc71pVAy.s:80     .text.Error_Handler:00000000 $t
C:\Users\Lyndorh\AppData\Local\Temp\cc71pVAy.s:86     .text.Error_Handler:00000000 Error_Handler
C:\Users\Lyndorh\AppData\Local\Temp\cc71pVAy.s:118    .text.SystemClock_Config:00000000 $t
C:\Users\Lyndorh\AppData\Local\Temp\cc71pVAy.s:124    .text.SystemClock_Config:00000000 SystemClock_Config
C:\Users\Lyndorh\AppData\Local\Temp\cc71pVAy.s:211    .text.main:00000000 $t
C:\Users\Lyndorh\AppData\Local\Temp\cc71pVAy.s:217    .text.main:00000000 main

UNDEFINED SYMBOLS
memset
HAL_RCC_OscConfig
HAL_RCC_ClockConfig
HAL_Init
ASM_Main
